[debug] [2024-10-14T15:46:04.390Z] ----------------------------------------------------------------------
[debug] [2024-10-14T15:46:04.394Z] Command:       /usr/local/nvm/versions/node/v20.10.0/bin/node /usr/local/nvm/versions/node/v20.10.0/bin/firebase login
[debug] [2024-10-14T15:46:04.395Z] CLI Version:   13.22.0
[debug] [2024-10-14T15:46:04.395Z] Platform:      linux
[debug] [2024-10-14T15:46:04.396Z] Node Version:  v20.10.0
[debug] [2024-10-14T15:46:04.396Z] Time:          Mon Oct 14 2024 15:46:04 GMT+0000 (Coordinated Universal Time)
[debug] [2024-10-14T15:46:04.396Z] ----------------------------------------------------------------------
[debug] 
[info] i  Firebase optionally collects CLI and Emulator Suite usage and error reporting information to help improve our products. Data is collected in accordance with Google's privacy policy (https://policies.google.com/privacy) and is not used to identify you.
 
[info] 
[info] Visit this URL on this device to log in:
[info] https://accounts.google.com/o/oauth2/auth?client_id=563584335869-fgrhgmd47bqnekij5i8b5pr03ho849e6.apps.googleusercontent.com&scope=email%20openid%20https%3A%2F%2Fwww.googleapis.com%2Fauth%2Fcloudplatformprojects.readonly%20https%3A%2F%2Fwww.googleapis.com%2Fauth%2Ffirebase%20https%3A%2F%2Fwww.googleapis.com%2Fauth%2Fcloud-platform&response_type=code&state=144651307&redirect_uri=http%3A%2F%2Flocalhost%3A9005
[info] 
[info] Waiting for authentication...
[debug] [2024-10-14T15:49:22.728Z] ----------------------------------------------------------------------
[debug] [2024-10-14T15:49:22.732Z] Command:       /usr/local/nvm/versions/node/v20.10.0/bin/node /usr/local/nvm/versions/node/v20.10.0/bin/firebase login
[debug] [2024-10-14T15:49:22.733Z] CLI Version:   13.22.0
[debug] [2024-10-14T15:49:22.733Z] Platform:      linux
[debug] [2024-10-14T15:49:22.734Z] Node Version:  v20.10.0
[debug] [2024-10-14T15:49:22.734Z] Time:          Mon Oct 14 2024 15:49:22 GMT+0000 (Coordinated Universal Time)
[debug] [2024-10-14T15:49:22.734Z] ----------------------------------------------------------------------
[debug] 
[info] i  Firebase optionally collects CLI and Emulator Suite usage and error reporting information to help improve our products. Data is collected in accordance with Google's privacy policy (https://policies.google.com/privacy) and is not used to identify you.
 
[info] i  To change your data collection preference at any time, run `firebase logout` and log in again. 
[info] 
[info] Visit this URL on this device to log in:
[info] https://accounts.google.com/o/oauth2/auth?client_id=563584335869-fgrhgmd47bqnekij5i8b5pr03ho849e6.apps.googleusercontent.com&scope=email%20openid%20https%3A%2F%2Fwww.googleapis.com%2Fauth%2Fcloudplatformprojects.readonly%20https%3A%2F%2Fwww.googleapis.com%2Fauth%2Ffirebase%20https%3A%2F%2Fwww.googleapis.com%2Fauth%2Fcloud-platform&response_type=code&state=402995528&redirect_uri=http%3A%2F%2Flocalhost%3A9005
[info] 
[info] Waiting for authentication...
